This file contains any messages produced by compilers while
running configure, to aid debugging if configure makes a mistake.

It was created by configure, which was
generated by GNU Autoconf 2.61.  Invocation command line was

  $ ./configure --prefix=/progetti/abcm2ps-5.9.7/os2

## --------- ##
## Platform. ##
## --------- ##

hostname = NEOIII
uname -m = i386
uname -r = 1
uname -s = OS/2
uname -v = 2.45

/usr/bin/uname -p = unknown
/bin/uname -X     = unknown

/bin/arch              = unknown
/usr/bin/arch -k       = unknown
/usr/convex/getsysinfo = unknown
/usr/bin/hostinfo      = unknown
/bin/machine           = unknown
/usr/bin/oslevel       = unknown
/bin/universe          = unknown

PATH: U:\foo
PATH: U:\usr\local452\bin
PATH: U:\usr\local452\libexec\gcc\i386-pc-os2-emx\4.5.2
PATH: u:\extras\bin
PATH: U:\usr\bin
PATH: U:\GLIBIDL\GLIB\gcc\bin
PATH: U:\GLIBIDL\LIBIDL\gcc\bin
PATH: u:\bin
PATH: u:\PERL5\bin
PATH: u:\cmake\bin
PATH: u:\subversion\bin
PATH: u:\dev\qt4\bin
PATH: U:\MOZTOOLS
PATH: U:\EMX\bin
PATH: u:\dev\qt4\bin
PATH: u:\python26
PATH: e:\watcom\binp
PATH: u:\wxpm\bin
PATH: u:\dev\ow\BINP
PATH: u:\dev\ow\BINW
PATH: C:\MPTN\BIN
PATH: C:\TCPIP\BIN
PATH: C:\IBMCOM
PATH: C:\IBMLAN\NETPROG
PATH: C:\MUGLIB
PATH: C:\ECS\BIN
PATH: C:\EMX\BIN
PATH: C:\IBMGSK50\BIN
PATH: C:\IBMGSK40\BIN
PATH: C:\IBMGSK\BIN
PATH: C:\OS2
PATH: C:\OS2\SYSTEM
PATH: C:\OS2\INSTALL
PATH: C:\
PATH: C:\OS2\MDOS
PATH: C:\OS2\APPS
PATH: C:\ECS\KLIBC\BIN
PATH: C:\PROGRAMS\JAVA142\BIN
PATH: C:\MMOS2\FREEDB
PATH: C:\MMOS2
PATH: C:\MMOS2\MMPLAYER
PATH: C:\PROGRAMS\4OS2
PATH: C:\PROGRAMS\VyperHelp
PATH: C:\PROGRAMS\ibmworks
PATH: E:\VTEX\BIN
PATH: e:\mmedia\cworks2
PATH: D:\ODIN\SYSTEM32
PATH: C:\TOOLS\CDRTools
PATH: U:\OS2TK45\som\common
PATH: U:\OS2TK45\som\bin
PATH: U:\OS2TK45\bin
PATH: C:\TOOLS\dfsee\bin
PATH: u:\dev\edit2_20
PATH: .


## ----------- ##
## Core tests. ##
## ----------- ##

configure:1608: loading site script u:/moztools/config.site-nozbinfiles
| #!sh
| #ac_cv_host=i386-pc-gnu
| #ac_cv_host=i386-pc-os2
| #HOST=i386-pc-os2
| SHELL=sh
| PATH=`cmd.exe /c "echo %PATH%" | sed -e 's@\\\\@/@g'`
| PATH_SEPARATOR=';'
| 
| for f in INSTALL PERL M4 EXPR ; do
|  export $f="`type $f.exe|sed -e 's@\\\\@/@g' -e 's@.* @@'`"
| done
| 
| ac_cv_path_PERL='u:/Perl/bin/perl.exe'
| ac_cv_path__PATH_PERL='u:/Perl/bin/perl.exe'
| ac_cv_path__PATH_SH='u:/moztools/ash.exe'
| ac_cv_path__PATH_SED='u:/moztools/sed.exe'
| ac_cv_path_PROG_SENDMAIL='c:/tcpip/bin/sendmail.exe'
| ac_cv_path__PATH_SORT='u:/moztools/sort.exe'
| ac_cv_path_AR='u:/usr/bin/ar.exe'
| ac_cv_path_FALSE='u:/bin/false.exe'
| #ac_cv_path_GZIP='e:/archive/gzip.exe'
| #ac_cv_path_ZIP='e:/archive/zip.exe'
| ac_cv_path_MAKE='u:/moztools/make.exe'
| ac_cv_path_TRUE='u:/bin/true.exe'
| ac_cv_path_RM='u:/bin/rm.exe'
| ac_cv_path_MV='u:/bin/mv.exe'
| ac_cv_member_struct_sockaddr_in_sin_len='yes'
| ac_cv_path_MKDIR='u:/bin/mkdir.exe'
| ac_cv_path_MSGFMT='u:/usr/bin/msgfmt.exe'
| ac_cv_path__PATH_AWK='u:/moztools/awk.exe'
| ac_cv_path__PATH_EGREP='c:/emx/bin/egrep.exe'
| ac_cv_path_install=${INSTALL}
| ac_cv_path_STRIP='echo '
| ac_cv_path_uic='/dev/qt/trunk/bin/uic'
| ac_cv_path_XARGS='u:/moztools/xargs.exe'
| ac_cv_path_JAVAC='c:/programs/java142/bin/javac.exe'
| ac_cv_path_JAR='c:/programs/java142/bin/jar.exe'
| #ac_cv_prog_LN_S='cp -p'
| ac_cv_emxos2='yes'
| ac_cv_libext='lib'
| #cl_cv_prog_LN_S='cp -p'
| #cl_cv_prog_LN='cp -p'
| ac_executable_extensions=".exe"
| ac_cpp=g++.exe
| #LN_S='cp -p'
| MAKE=make
| #ACLOCAL=${ACLOCAL-"${UNIXROOT}/usr/bin/aclocal"}
| #AUTOCONF=${AUTOCONF-"${UNIXROOT}/usr/bin/autoconf"}
| #AUTOMAKE=${AUTOMAKE-"${UNIXROOT}/usr/bin/automake"}
| #AUTOHEADER=${AUTOHEADER-"${UNIXROOT}/usr/bin/autoheader"}
| #ACLOCAL='echo aclocal'
| #AUTOCONF='echo autoconf'
| #AUTOMAKE='echo automake'
| #AUTOHEADER='echo autoheader'
| MAKEINFO=${MAKEINFO-"makeinfo --no-split"}
| AMTAR=${AMTAR-"tar.exe"}
| CC=gcc
| CXX=g++
| AWK=gawk
| LEX=flex
| LIBEXT="LIB"
| #INSTALL=install-sh
| INSTALL=u:/bin/install.exe
| OBJEXT=o
| RM=rm.exe
| PERL=perl.exe
| AR=ar.exe
| LD=ld.exe
| RANLIB=echo
| #LIBTOOL=aplibtool.exe
| YACC='bison -y'
| BMTYPE=int
| BMBYTES=4
| PRINTABLE_OS_NAME=OS/2
| CFLAGS='-D__EMX__ -DOS2  -D__ST_MT_ERRNO__ -g'
| CXXFLAGS='-D__EMX__ -DOS2 -D__ST_MT_ERRNO__ -g'
| LDFLAGS='-Zexe -Zomf -Zmap -Zargs-wild -D__ST_MT_ERRNO__'
| #CFLAGS='-D__EMX__ -DOS2  -D__ST_MT_ERRNO__ -O3 -mcpu=pentium3'
| #CXXFLAGS='-D__EMX__ -DOS2 -D__ST_MT_ERRNO__ -O3 -mcpu=pentium3'
| #LDFLAGS='-Zexe -Zomf -Zmap -Zargs-wild -D__ST_MT_ERRNO__ -s'
| ac_exeext=.exe
| ac_cv_exeext=.exe
| ac_cv_path___CHGRP=echo
| ac_cv_path___CHOWN=echo
| ac_cv_path___RSH=echo
| function test
| { 
|   if [  "$1" = "-x" ] ; then  
|     shift
|     if [ -f "$1" ] ; then return ; fi
|     if type $1.cmd 1>nul 2>&1  ; then  return ; fi
|     if type $1.exe 1>nul 2>&1  ; then  return ; fi
|     x=`type $* 1>nul 2>&1|  sed -e 's@^.* @@' -e 's@\\\\@/@g' -e 's@\\.$@@'`
|     if [ -n "$x" ] ; then
|       grep '^\(#!\|[ \t]*extproc\)' "$x">nul 2>&1 
|     else
|       return 1
|     fi
|   else
|     builtin test "$@"
|   fi ;\
| }
| 
| 
| ### EOF ######################################################################
configure:1745: checking build system type
configure:1763: result: i386-pc-os2-emx
configure:1785: checking host system type
configure:1800: result: i386-pc-os2-emx
configure:1822: checking target system type
configure:1837: result: i386-pc-os2-emx
configure:1914: checking for gcc
configure:1941: result: gcc
configure:2179: checking for C compiler version
configure:2186: gcc --version >&5
gcc (GCC) 4.5.2
Copyright (C) 2010 Free Software Foundation, Inc.
This is free software; see the source for copying conditions.  There is NO
warranty; not even for MERCHANTABILITY or FITNESS FOR A PARTICULAR PURPOSE.

configure:2189: $? = 0
configure:2196: gcc -v >&5
Using built-in specs.
COLLECT_GCC=gcc
Target: i386-pc-os2-emx
Configured with: ./configure --prefix=/usr/local452 --enable-shared --enable-languages=c,c++,fortran --with-gnu-as --disable-lto --disable-bootstrap --disable-libstdcxx-pch --enable-threads
Thread model: os2
gcc version 4.5.2 (GCC) 
configure:2199: $? = 0
configure:2206: gcc -V >&5
gcc: '-V' must come at the start of the command line
configure:2209: $? = 1
configure:2232: checking for C compiler default output file name
configure:2259: gcc -D__EMX__ -DOS2  -D__ST_MT_ERRNO__ -g  -Zexe -Zomf -Zmap -Zargs-wild -D__ST_MT_ERRNO__ conftest.c  >&5
configure:2262: $? = 0
configure:2300: result: conftest.exe
configure:2317: checking whether the C compiler works
configure:2327: ./conftest.exe
configure:2330: $? = 0
configure:2347: result: yes
configure:2354: checking whether we are cross compiling
configure:2356: result: no
configure:2359: checking for suffix of executables
configure:2366: gcc -o conftest.exe -D__EMX__ -DOS2  -D__ST_MT_ERRNO__ -g  -Zexe -Zomf -Zmap -Zargs-wild -D__ST_MT_ERRNO__ conftest.c  >&5
configure:2369: $? = 0
configure:2393: result: .exe
configure:2399: checking for suffix of object files
configure:2425: gcc -c -D__EMX__ -DOS2  -D__ST_MT_ERRNO__ -g  conftest.c >&5
configure:2428: $? = 0
configure:2451: result: o
configure:2455: checking whether we are using the GNU C compiler
configure:2484: gcc -c -D__EMX__ -DOS2  -D__ST_MT_ERRNO__ -g  conftest.c >&5
configure:2490: $? = 0
configure:2507: result: yes
configure:2512: checking whether gcc accepts -g
configure:2542: gcc -c -g  conftest.c >&5
configure:2548: $? = 0
configure:2647: result: yes
configure:2664: checking for gcc option to accept ISO C89
configure:2738: gcc  -c -D__EMX__ -DOS2  -D__ST_MT_ERRNO__ -g  conftest.c >&5
configure:2744: $? = 0
configure:2767: result: none needed
configure:2798: checking for a BSD-compatible install
configure:2854: result: u:/bin/install.exe
configure:2875: checking how to run the C preprocessor
configure:2915: gcc -E  conftest.c
configure:2921: $? = 0
configure:2952: gcc -E  conftest.c
conftest.c:8:28: fatal error: ac_nonexistent.h: No such file or directory
compilation terminated.
configure:2958: $? = 1
configure: failed program was:
| /* confdefs.h.  */
| #define PACKAGE_NAME ""
| #define PACKAGE_TARNAME ""
| #define PACKAGE_VERSION ""
| #define PACKAGE_STRING ""
| #define PACKAGE_BUGREPORT ""
| /* end confdefs.h.  */
| #include <ac_nonexistent.h>
configure:2991: result: gcc -E
configure:3020: gcc -E  conftest.c
configure:3026: $? = 0
configure:3057: gcc -E  conftest.c
conftest.c:8:28: fatal error: ac_nonexistent.h: No such file or directory
compilation terminated.
configure:3063: $? = 1
configure: failed program was:
| /* confdefs.h.  */
| #define PACKAGE_NAME ""
| #define PACKAGE_TARNAME ""
| #define PACKAGE_VERSION ""
| #define PACKAGE_STRING ""
| #define PACKAGE_BUGREPORT ""
| /* end confdefs.h.  */
| #include <ac_nonexistent.h>
configure:3101: checking for grep that handles long lines and -e
configure:3175: result: U:/MOZTOOLS/grep.exe
configure:3180: checking for egrep
configure:3258: result: U:/MOZTOOLS/grep.exe -E
configure:3263: checking for ANSI C header files
configure:3293: gcc -c -D__EMX__ -DOS2  -D__ST_MT_ERRNO__ -g  conftest.c >&5
configure:3299: $? = 0
configure:3398: gcc -o conftest.exe -D__EMX__ -DOS2  -D__ST_MT_ERRNO__ -g  -Zexe -Zomf -Zmap -Zargs-wild -D__ST_MT_ERRNO__ conftest.c  >&5
configure:3401: $? = 0
configure:3407: ./conftest.exe
configure:3410: $? = 0
configure:3427: result: yes
configure:3451: checking for sys/types.h
configure:3472: gcc -c -D__EMX__ -DOS2  -D__ST_MT_ERRNO__ -g  conftest.c >&5
configure:3478: $? = 0
configure:3494: result: yes
configure:3451: checking for sys/stat.h
configure:3472: gcc -c -D__EMX__ -DOS2  -D__ST_MT_ERRNO__ -g  conftest.c >&5
configure:3478: $? = 0
configure:3494: result: yes
configure:3451: checking for stdlib.h
configure:3472: gcc -c -D__EMX__ -DOS2  -D__ST_MT_ERRNO__ -g  conftest.c >&5
configure:3478: $? = 0
configure:3494: result: yes
configure:3451: checking for string.h
configure:3472: gcc -c -D__EMX__ -DOS2  -D__ST_MT_ERRNO__ -g  conftest.c >&5
configure:3478: $? = 0
configure:3494: result: yes
configure:3451: checking for memory.h
configure:3472: gcc -c -D__EMX__ -DOS2  -D__ST_MT_ERRNO__ -g  conftest.c >&5
configure:3478: $? = 0
configure:3494: result: yes
configure:3451: checking for strings.h
configure:3472: gcc -c -D__EMX__ -DOS2  -D__ST_MT_ERRNO__ -g  conftest.c >&5
configure:3478: $? = 0
configure:3494: result: yes
configure:3451: checking for inttypes.h
configure:3472: gcc -c -D__EMX__ -DOS2  -D__ST_MT_ERRNO__ -g  conftest.c >&5
configure:3478: $? = 0
configure:3494: result: yes
configure:3451: checking for stdint.h
configure:3472: gcc -c -D__EMX__ -DOS2  -D__ST_MT_ERRNO__ -g  conftest.c >&5
configure:3478: $? = 0
configure:3494: result: yes
configure:3451: checking for unistd.h
configure:3472: gcc -c -D__EMX__ -DOS2  -D__ST_MT_ERRNO__ -g  conftest.c >&5
configure:3478: $? = 0
configure:3494: result: yes
configure:3521: checking malloc.h usability
configure:3538: gcc -c -D__EMX__ -DOS2  -D__ST_MT_ERRNO__ -g  conftest.c >&5
configure:3544: $? = 0
configure:3558: result: yes
configure:3562: checking malloc.h presence
configure:3577: gcc -E  conftest.c
configure:3583: $? = 0
configure:3597: result: yes
configure:3625: checking for malloc.h
configure:3633: result: yes
configure:3798: creating ./config.status

## ---------------------- ##
## Running config.status. ##
## ---------------------- ##

This file was extended by config.status, which was
generated by GNU Autoconf 2.61.  Invocation command line was

  CONFIG_FILES    = 
  CONFIG_HEADERS  = 
  CONFIG_LINKS    = 
  CONFIG_COMMANDS = 
  $ ./config.status 

on NEOIII

config.status:4489: creating Makefile
config.status:4627: WARNING:  Makefile.in seems to ignore the --datarootdir setting
config.status:4489: creating config.h
config.status:4764: config.h is unchanged

## ---------------- ##
## Cache variables. ##
## ---------------- ##

ac_cv_build=i386-pc-os2-emx
ac_cv_c_compiler_gnu=yes
ac_cv_emxos2=yes
ac_cv_env_CC_set=set
ac_cv_env_CC_value=gcc
ac_cv_env_CFLAGS_set=
ac_cv_env_CFLAGS_value=
ac_cv_env_CPPFLAGS_set=
ac_cv_env_CPPFLAGS_value=
ac_cv_env_CPP_set=
ac_cv_env_CPP_value=
ac_cv_env_LDFLAGS_set=
ac_cv_env_LDFLAGS_value=
ac_cv_env_LIBS_set=
ac_cv_env_LIBS_value=
ac_cv_env_build_alias_set=
ac_cv_env_build_alias_value=
ac_cv_env_host_alias_set=
ac_cv_env_host_alias_value=
ac_cv_env_target_alias_set=
ac_cv_env_target_alias_value=
ac_cv_exeext=.exe
ac_cv_header_inttypes_h=yes
ac_cv_header_malloc_h=yes
ac_cv_header_memory_h=yes
ac_cv_header_stdc=yes
ac_cv_header_stdint_h=yes
ac_cv_header_stdlib_h=yes
ac_cv_header_string_h=yes
ac_cv_header_strings_h=yes
ac_cv_header_sys_stat_h=yes
ac_cv_header_sys_types_h=yes
ac_cv_header_unistd_h=yes
ac_cv_host=i386-pc-os2-emx
ac_cv_libext=lib
ac_cv_member_struct_sockaddr_in_sin_len=yes
ac_cv_objext=o
ac_cv_path_AR=u:/usr/bin/ar.exe
ac_cv_path_EGREP='U:/MOZTOOLS/grep.exe -E'
ac_cv_path_FALSE=u:/bin/false.exe
ac_cv_path_GREP=U:/MOZTOOLS/grep.exe
ac_cv_path_JAR=c:/programs/java142/bin/jar.exe
ac_cv_path_JAVAC=c:/programs/java142/bin/javac.exe
ac_cv_path_MAKE=u:/moztools/make.exe
ac_cv_path_MKDIR=u:/bin/mkdir.exe
ac_cv_path_MSGFMT=u:/usr/bin/msgfmt.exe
ac_cv_path_MV=u:/bin/mv.exe
ac_cv_path_PERL=u:/Perl/bin/perl.exe
ac_cv_path_PROG_SENDMAIL=c:/tcpip/bin/sendmail.exe
ac_cv_path_RM=u:/bin/rm.exe
ac_cv_path_STRIP='echo '
ac_cv_path_TRUE=u:/bin/true.exe
ac_cv_path_XARGS=u:/moztools/xargs.exe
ac_cv_path__PATH_AWK=u:/moztools/awk.exe
ac_cv_path__PATH_EGREP=c:/emx/bin/egrep.exe
ac_cv_path__PATH_PERL=u:/Perl/bin/perl.exe
ac_cv_path__PATH_SED=u:/moztools/sed.exe
ac_cv_path__PATH_SH=u:/moztools/ash.exe
ac_cv_path__PATH_SORT=u:/moztools/sort.exe
ac_cv_path___CHGRP=echo
ac_cv_path___CHOWN=echo
ac_cv_path___RSH=echo
ac_cv_path_install=u:/bin/INSTALL.exe
ac_cv_path_uic=/dev/qt/trunk/bin/uic
ac_cv_prog_CPP='gcc -E'
ac_cv_prog_ac_ct_CC=gcc
ac_cv_prog_cc_c89=
ac_cv_prog_cc_g=yes
ac_cv_target=i386-pc-os2-emx

## ----------------- ##
## Output variables. ##
## ----------------- ##

CC='gcc'
CFLAGS='-D__EMX__ -DOS2  -D__ST_MT_ERRNO__ -g -Wall -pipe'
CPP='gcc -E'
CPPFLAGS=''
DEFS='-DHAVE_CONFIG_H'
ECHO_C=''
ECHO_N='-n'
ECHO_T=''
EGREP='U:/MOZTOOLS/grep.exe -E'
EXEEXT='.exe'
GREP='U:/MOZTOOLS/grep.exe'
INSTALL_DATA='${INSTALL} -m 644'
INSTALL_PROGRAM='${INSTALL}'
INSTALL_SCRIPT='${INSTALL}'
LDFLAGS='-Zexe -Zomf -Zmap -Zargs-wild -D__ST_MT_ERRNO__'
LIBOBJS=''
LIBS=''
LTLIBOBJS=''
OBJEXT='o'
PACKAGE_BUGREPORT=''
PACKAGE_NAME=''
PACKAGE_STRING=''
PACKAGE_TARNAME=''
PACKAGE_VERSION=''
PATH_SEPARATOR=';'
SHELL='sh'
VERSION='5.9.7'
ac_ct_CC='gcc'
bindir='${exec_prefix}/bin'
build='i386-pc-os2-emx'
build_alias=''
build_cpu='i386'
build_os='os2-emx'
build_vendor='pc'
datadir='${datarootdir}'
datarootdir='${prefix}/share'
docdir='${datarootdir}/doc/${PACKAGE}'
dvidir='${docdir}'
exec_prefix='${prefix}'
host='i386-pc-os2-emx'
host_alias=''
host_cpu='i386'
host_os='os2-emx'
host_vendor='pc'
htmldir='${docdir}'
includedir='${prefix}/include'
infodir='${datarootdir}/info'
libdir='${exec_prefix}/lib'
libexecdir='${exec_prefix}/libexec'
localedir='${datarootdir}/locale'
localstatedir='${prefix}/var'
mandir='${datarootdir}/man'
oldincludedir='/usr/include'
pdfdir='${docdir}'
prefix='/progetti/abcm2ps-5.9.7/os2'
program_transform_name='s,x,x,'
psdir='${docdir}'
sbindir='${exec_prefix}/sbin'
sharedstatedir='${prefix}/com'
sysconfdir='${prefix}/etc'
target='i386-pc-os2-emx'
target_alias=''
target_cpu='i386'
target_os='os2-emx'
target_vendor='pc'

## ----------- ##
## confdefs.h. ##
## ----------- ##

#define PACKAGE_NAME ""
#define PACKAGE_TARNAME ""
#define PACKAGE_VERSION ""
#define PACKAGE_STRING ""
#define PACKAGE_BUGREPORT ""
#define STDC_HEADERS 1
#define HAVE_SYS_TYPES_H 1
#define HAVE_SYS_STAT_H 1
#define HAVE_STDLIB_H 1
#define HAVE_STRING_H 1
#define HAVE_MEMORY_H 1
#define HAVE_STRINGS_H 1
#define HAVE_INTTYPES_H 1
#define HAVE_STDINT_H 1
#define HAVE_UNISTD_H 1
#define HAVE_MALLOC_H 1
#define VERSION "5.9.7"
#define VDATE "November 18, 2009"
#define DEFAULT_FDIR "/progetti/abcm2ps-5.9.7/os2/share/abcm2ps"

configure: exit 0
